
Showing logs for build [32mgitops-unbxd-environment-flashe-s54ks-1[0m stage [32mmeta-pipeline[0m and container [32mstep-credential-initializer-j8kck[0m
{"level":"warn","ts":1569830764.7333717,"logger":"fallback-logger","caller":"logging/config.go:69","msg":"Fetch GitHub commit ID from kodata failed: \"ref: refs/heads/master\" is not a valid GitHub commit ID"}
{"level":"info","ts":1569830764.7336326,"logger":"fallback-logger","caller":"creds-init/main.go:40","msg":"Credentials initialized."}

Showing logs for build [32mgitops-unbxd-environment-flashe-s54ks-1[0m stage [32mmeta-pipeline[0m and container [32mstep-working-dir-initializer-tlfsp[0m
{"level":"warn","ts":1569830764.9729507,"logger":"fallback-logger","caller":"logging/config.go:69","msg":"Fetch GitHub commit ID from kodata failed: open /var/run/ko/HEAD: no such file or directory"}
{"level":"info","ts":1569830764.9740522,"logger":"fallback-logger","caller":"bash/main.go:65","msg":"Successfully executed command \"mkdir -p /workspace/source\""}

Showing logs for build [32mgitops-unbxd-environment-flashe-s54ks-1[0m stage [32mmeta-pipeline[0m and container [32mstep-place-tools[0m

Showing logs for build [32mgitops-unbxd-environment-flashe-s54ks-1[0m stage [32mmeta-pipeline[0m and container [32mstep-git-source-meta-gitops-unbxd-environment-f-grjcm[0m
{"level":"warn","ts":1569830770.0432277,"logger":"fallback-logger","caller":"logging/config.go:69","msg":"Fetch GitHub commit ID from kodata failed: \"ref: refs/heads/master\" is not a valid GitHub commit ID"}
{"level":"info","ts":1569830770.28015,"logger":"fallback-logger","caller":"git/git.go:102","msg":"Successfully cloned https://github.com/************/environment-flasherweak-staging.git @ c68176f97a80272eae5a0ac7e50b76c7ca8261f0 in path /workspace/source"}

Showing logs for build [32mgitops-unbxd-environment-flashe-s54ks-1[0m stage [32mmeta-pipeline[0m and container [32mstep-git-merge[0m
Using SHAs from PULL_REFS=master:c68176f97a80272eae5a0ac7e50b76c7ca8261f0,3:0c3691629f5d60981759a25147d95277e9a86278
DEBUG: ran git fetch --unshallow origin 0c3691629f5d60981759a25147d95277e9a86278: c68176f97a80272eae5a0ac7e50b76c7ca8261f0: in 
DEBUG: ran git checkout master in 
DEBUG: ran git reset --hard c68176f97a80272eae5a0ac7e50b76c7ca8261f0 in 
DEBUG: ran clean --force -d . in 
DEBUG: ran git merge 0c3691629f5d60981759a25147d95277e9a86278 in 
Merged SHA 0c3691629f5d60981759a25147d95277e9a86278 with commit message 'chore: Promote prowstart to version 0.0.4' into base branch master

Showing logs for build [32mgitops-unbxd-environment-flashe-s54ks-1[0m stage [32mmeta-pipeline[0m and container [32mstep-merge-pull-refs[0m
DEBUG: ran git fetch origin 0c3691629f5d60981759a25147d95277e9a86278: c68176f97a80272eae5a0ac7e50b76c7ca8261f0: in 
DEBUG: Unshallowed git repo in 
DEBUG: ran git checkout master in 
DEBUG: ran git reset --hard c68176f97a80272eae5a0ac7e50b76c7ca8261f0 in 
DEBUG: ran clean --force -d . in 
DEBUG: ran git merge 0c3691629f5d60981759a25147d95277e9a86278 in 
Merged SHA 0c3691629f5d60981759a25147d95277e9a86278 with commit message 'chore: Promote prowstart to version 0.0.4' into base branch master

Showing logs for build [32mgitops-unbxd-environment-flashe-s54ks-1[0m stage [32mmeta-pipeline[0m and container [32mstep-create-effective-pipeline[0m
Deleting and cloning the Jenkins X versions repo
Cloning the Jenkins X versions repo https://github.com/jenkins-x/jenkins-x-versions.git with ref refs/heads/master to /builder/home/.**/jenkins-x-versions
selected pack: /builder/home/.**/draft/packs/github.com/jenkins-x-buildpacks/jenkins-x-kubernetes/packs/environment
Effective pipeline written to jenkins-x-promotion-build-effective.yml

Showing logs for build [32mgitops-unbxd-environment-flashe-s54ks-1[0m stage [32mmeta-pipeline[0m and container [32mstep-create-tekton-crds[0m
PipelineActivity for ************-environment-flasherweak-staging-PR-3-1
Applying changes 
upserted PipelineResource ************-environment-flashe for the git repository https://github.com/************/environment-flasherweak-staging.git
upserted Task ************-environment-flashe-s54ks-from-build-pack-1
upserted Pipeline ************-environment-flashe-s54ks-1
created PipelineRun ************-environment-flashe-s54ks-1
created PipelineStructure ************-environment-flashe-s54ks-1

Showing logs for build [32mgitops-unbxd-environment-flashe-s54ks-1[0m stage [32mfrom-build-pack[0m and container [32mstep-credential-initializer-mvnfh[0m
{"level":"warn","ts":1569830777.959635,"logger":"fallback-logger","caller":"logging/config.go:69","msg":"Fetch GitHub commit ID from kodata failed: \"ref: refs/heads/master\" is not a valid GitHub commit ID"}
{"level":"info","ts":1569830777.9599617,"logger":"fallback-logger","caller":"creds-init/main.go:40","msg":"Credentials initialized."}

Showing logs for build [32mgitops-unbxd-environment-flashe-s54ks-1[0m stage [32mfrom-build-pack[0m and container [32mstep-working-dir-initializer-h77pj[0m
{"level":"warn","ts":1569830778.440228,"logger":"fallback-logger","caller":"logging/config.go:69","msg":"Fetch GitHub commit ID from kodata failed: open /var/run/ko/HEAD: no such file or directory"}
{"level":"info","ts":1569830778.441462,"logger":"fallback-logger","caller":"bash/main.go:65","msg":"Successfully executed command \"mkdir -p /workspace/source /workspace/source/env\""}

Showing logs for build [32mgitops-unbxd-environment-flashe-s54ks-1[0m stage [32mfrom-build-pack[0m and container [32mstep-place-tools[0m

Showing logs for build [32mgitops-unbxd-environment-flashe-s54ks-1[0m stage [32mfrom-build-pack[0m and container [32mstep-git-source-gitops-unbxd-environment-flashe-pz6wg[0m
{"level":"warn","ts":1569830783.5082455,"logger":"fallback-logger","caller":"logging/config.go:69","msg":"Fetch GitHub commit ID from kodata failed: \"ref: refs/heads/master\" is not a valid GitHub commit ID"}
{"level":"info","ts":1569830783.7617276,"logger":"fallback-logger","caller":"git/git.go:102","msg":"Successfully cloned https://github.com/************/environment-flasherweak-staging.git @ master in path /workspace/source"}

Showing logs for build [32mgitops-unbxd-environment-flashe-s54ks-1[0m stage [32mfrom-build-pack[0m and container [32mstep-git-merge[0m
Using SHAs from PULL_REFS=master:c68176f97a80272eae5a0ac7e50b76c7ca8261f0,3:0c3691629f5d60981759a25147d95277e9a86278
DEBUG: ran git fetch --unshallow origin 0c3691629f5d60981759a25147d95277e9a86278: c68176f97a80272eae5a0ac7e50b76c7ca8261f0: in 
DEBUG: ran git checkout master in 
DEBUG: ran git reset --hard c68176f97a80272eae5a0ac7e50b76c7ca8261f0 in 
DEBUG: ran clean --force -d . in 
DEBUG: ran git merge 0c3691629f5d60981759a25147d95277e9a86278 in 
Merged SHA 0c3691629f5d60981759a25147d95277e9a86278 with commit message 'chore: Promote prowstart to version 0.0.4' into base branch master

Showing logs for build [32mgitops-unbxd-environment-flashe-s54ks-1[0m stage [32mfrom-build-pack[0m and container [32mstep-build-helm-build[0m
WARNING: No $CHART_REPOSITORY defined so using the default value of: http://jenkins-x-chartmuseum:8080
Adding missing Helm repo: storage.googleapis.com https://storage.googleapis.com/chartmuseum.jenkins-x.io
Successfully added Helm repository storage.googleapis.com.
Adding missing Helm repo: jenkins-x-chartmuseum http://jenkins-x-chartmuseum:8080
Successfully added Helm repository jenkins-x-chartmuseum.
WARNING: No $CHART_REPOSITORY defined so using the default value of: http://jenkins-x-chartmuseum:8080
Adding missing Helm repo: chartmuseum.jenkins-x.io http://chartmuseum.jenkins-x.io
Successfully added Helm repository chartmuseum.jenkins-x.io.
