
Showing logs for build [32mgitops-unbxd-environment-flashe-1[0m stage [32mmeta-pipeline[0m and container [32mstep-credential-initializer-444nw[0m
{"level":"warn","ts":1568887168.0011847,"logger":"fallback-logger","caller":"logging/config.go:69","msg":"Fetch GitHub commit ID from kodata failed: \"ref: refs/heads/master\" is not a valid GitHub commit ID"}
{"level":"info","ts":1568887168.00147,"logger":"fallback-logger","caller":"creds-init/main.go:40","msg":"Credentials initialized."}

Showing logs for build [32mgitops-unbxd-environment-flashe-1[0m stage [32mmeta-pipeline[0m and container [32mstep-working-dir-initializer-dqvp2[0m
{"level":"warn","ts":1568887169.1782067,"logger":"fallback-logger","caller":"logging/config.go:69","msg":"Fetch GitHub commit ID from kodata failed: open /var/run/ko/HEAD: no such file or directory"}
{"level":"info","ts":1568887169.1793966,"logger":"fallback-logger","caller":"bash/main.go:65","msg":"Successfully executed command \"mkdir -p /workspace/source\""}

Showing logs for build [32mgitops-unbxd-environment-flashe-1[0m stage [32mmeta-pipeline[0m and container [32mstep-place-tools[0m

Showing logs for build [32mgitops-unbxd-environment-flashe-1[0m stage [32mmeta-pipeline[0m and container [32mstep-git-source-meta-gitops-unbxd-environment-f-8prtf[0m
{"level":"warn","ts":1568887173.2154284,"logger":"fallback-logger","caller":"logging/config.go:69","msg":"Fetch GitHub commit ID from kodata failed: \"ref: refs/heads/master\" is not a valid GitHub commit ID"}
{"level":"info","ts":1568887173.451793,"logger":"fallback-logger","caller":"git/git.go:102","msg":"Successfully cloned https://github.com/************/environment-flasherweak-staging.git @ 23a74edc62ff049e924280e624f0478feaedd569 in path /workspace/source"}

Showing logs for build [32mgitops-unbxd-environment-flashe-1[0m stage [32mmeta-pipeline[0m and container [32mstep-git-merge[0m
Using SHAs from PULL_REFS=master:23a74edc62ff049e924280e624f0478feaedd569,1:921cdeb0ea01637a983261b1920743db9c461bc4
DEBUG: ran git fetch --unshallow origin 921cdeb0ea01637a983261b1920743db9c461bc4: 23a74edc62ff049e924280e624f0478feaedd569: in 
DEBUG: ran git checkout master in 
DEBUG: ran git reset --hard 23a74edc62ff049e924280e624f0478feaedd569 in 
DEBUG: ran clean --force -d . in 
DEBUG: ran git merge 921cdeb0ea01637a983261b1920743db9c461bc4 in 
Merged SHA 921cdeb0ea01637a983261b1920743db9c461bc4 with commit message 'chore: Promote gostart to version 0.0.2' into base branch master

Showing logs for build [32mgitops-unbxd-environment-flashe-1[0m stage [32mmeta-pipeline[0m and container [32mstep-merge-pull-refs[0m
DEBUG: ran git fetch origin 921cdeb0ea01637a983261b1920743db9c461bc4: 23a74edc62ff049e924280e624f0478feaedd569: in 
DEBUG: Unshallowed git repo in 
DEBUG: ran git checkout master in 
DEBUG: ran git reset --hard 23a74edc62ff049e924280e624f0478feaedd569 in 
DEBUG: ran clean --force -d . in 
DEBUG: ran git merge 921cdeb0ea01637a983261b1920743db9c461bc4 in 
Merged SHA 921cdeb0ea01637a983261b1920743db9c461bc4 with commit message 'chore: Promote gostart to version 0.0.2' into base branch master

Showing logs for build [32mgitops-unbxd-environment-flashe-1[0m stage [32mmeta-pipeline[0m and container [32mstep-create-effective-pipeline[0m
Deleting and cloning the Jenkins X versions repo
Cloning the Jenkins X versions repo https://github.com/jenkins-x/jenkins-x-versions.git with ref refs/heads/master to /builder/home/.**/jenkins-x-versions
selected pack: /builder/home/.**/draft/packs/github.com/jenkins-x-buildpacks/jenkins-x-kubernetes/packs/environment
Effective pipeline written to jenkins-x-promotion-build-effective.yml

Showing logs for build [32mgitops-unbxd-environment-flashe-1[0m stage [32mmeta-pipeline[0m and container [32mstep-create-tekton-crds[0m
PipelineActivity for ************-environment-flasherweak-staging-PR-1-1
Applying changes 
upserted PipelineResource ************-environment-flashe for the git repository https://github.com/************/environment-flasherweak-staging.git
upserted Task ************-environment-flashe-from-build-pack-1
upserted Pipeline ************-environment-flashe-1
created PipelineRun ************-environment-flashe-1
created PipelineStructure ************-environment-flashe-1

Showing logs for build [32mgitops-unbxd-environment-flashe-1[0m stage [32mfrom-build-pack[0m and container [32mstep-credential-initializer-xkf6x[0m
{"level":"warn","ts":1568887182.9212544,"logger":"fallback-logger","caller":"logging/config.go:69","msg":"Fetch GitHub commit ID from kodata failed: \"ref: refs/heads/master\" is not a valid GitHub commit ID"}
{"level":"info","ts":1568887182.921627,"logger":"fallback-logger","caller":"creds-init/main.go:40","msg":"Credentials initialized."}

Showing logs for build [32mgitops-unbxd-environment-flashe-1[0m stage [32mfrom-build-pack[0m and container [32mstep-working-dir-initializer-wz5tv[0m
{"level":"warn","ts":1568887183.5403683,"logger":"fallback-logger","caller":"logging/config.go:69","msg":"Fetch GitHub commit ID from kodata failed: open /var/run/ko/HEAD: no such file or directory"}
{"level":"info","ts":1568887183.5416524,"logger":"fallback-logger","caller":"bash/main.go:65","msg":"Successfully executed command \"mkdir -p /workspace/source /workspace/source/env\""}

Showing logs for build [32mgitops-unbxd-environment-flashe-1[0m stage [32mfrom-build-pack[0m and container [32mstep-place-tools[0m

Showing logs for build [32mgitops-unbxd-environment-flashe-1[0m stage [32mfrom-build-pack[0m and container [32mstep-git-source-gitops-unbxd-environment-flashe-wrchw[0m
{"level":"warn","ts":1568887189.5890074,"logger":"fallback-logger","caller":"logging/config.go:69","msg":"Fetch GitHub commit ID from kodata failed: \"ref: refs/heads/master\" is not a valid GitHub commit ID"}
{"level":"info","ts":1568887189.8241324,"logger":"fallback-logger","caller":"git/git.go:102","msg":"Successfully cloned https://github.com/************/environment-flasherweak-staging.git @ master in path /workspace/source"}

Showing logs for build [32mgitops-unbxd-environment-flashe-1[0m stage [32mfrom-build-pack[0m and container [32mstep-git-merge[0m
Using SHAs from PULL_REFS=master:23a74edc62ff049e924280e624f0478feaedd569,1:921cdeb0ea01637a983261b1920743db9c461bc4
DEBUG: ran git fetch --unshallow origin 921cdeb0ea01637a983261b1920743db9c461bc4: 23a74edc62ff049e924280e624f0478feaedd569: in 
DEBUG: ran git checkout master in 
DEBUG: ran git reset --hard 23a74edc62ff049e924280e624f0478feaedd569 in 
DEBUG: ran clean --force -d . in 
DEBUG: ran git merge 921cdeb0ea01637a983261b1920743db9c461bc4 in 
Merged SHA 921cdeb0ea01637a983261b1920743db9c461bc4 with commit message 'chore: Promote gostart to version 0.0.2' into base branch master

Showing logs for build [32mgitops-unbxd-environment-flashe-1[0m stage [32mfrom-build-pack[0m and container [32mstep-build-helm-build[0m
WARNING: No $CHART_REPOSITORY defined so using the default value of: http://jenkins-x-chartmuseum:8080
Adding missing Helm repo: storage.googleapis.com https://storage.googleapis.com/chartmuseum.jenkins-x.io
Successfully added Helm repository storage.googleapis.com.
Adding missing Helm repo: jenkins-x-chartmuseum http://jenkins-x-chartmuseum:8080
Successfully added Helm repository jenkins-x-chartmuseum.
WARNING: No $CHART_REPOSITORY defined so using the default value of: http://jenkins-x-chartmuseum:8080
Adding missing Helm repo: chartmuseum.jenkins-x.io http://chartmuseum.jenkins-x.io
Successfully added Helm repository chartmuseum.jenkins-x.io.
