
Showing logs for build [32mgitops-unbxd-environment-flashe-fzmbq-1[0m stage [32mfrom-build-pack[0m and container [32mstep-credential-initializer-4bmpv[0m
{"level":"warn","ts":1569840102.572618,"logger":"fallback-logger","caller":"logging/config.go:69","msg":"Fetch GitHub commit ID from kodata failed: \"ref: refs/heads/master\" is not a valid GitHub commit ID"}
{"level":"info","ts":1569840102.5729105,"logger":"fallback-logger","caller":"creds-init/main.go:40","msg":"Credentials initialized."}

Showing logs for build [32mgitops-unbxd-environment-flashe-fzmbq-1[0m stage [32mfrom-build-pack[0m and container [32mstep-working-dir-initializer-n8ntt[0m
{"level":"warn","ts":1569840103.7575068,"logger":"fallback-logger","caller":"logging/config.go:69","msg":"Fetch GitHub commit ID from kodata failed: open /var/run/ko/HEAD: no such file or directory"}
{"level":"info","ts":1569840103.7586787,"logger":"fallback-logger","caller":"bash/main.go:65","msg":"Successfully executed command \"mkdir -p /workspace/source /workspace/source/env\""}

Showing logs for build [32mgitops-unbxd-environment-flashe-fzmbq-1[0m stage [32mfrom-build-pack[0m and container [32mstep-place-tools[0m

Showing logs for build [32mgitops-unbxd-environment-flashe-fzmbq-1[0m stage [32mfrom-build-pack[0m and container [32mstep-git-source-gitops-unbxd-environment-flashe-r2j8n[0m
{"level":"warn","ts":1569840108.7754204,"logger":"fallback-logger","caller":"logging/config.go:69","msg":"Fetch GitHub commit ID from kodata failed: \"ref: refs/heads/master\" is not a valid GitHub commit ID"}
{"level":"info","ts":1569840109.0390892,"logger":"fallback-logger","caller":"git/git.go:102","msg":"Successfully cloned https://github.com/************/environment-flasherweak-staging.git @ master in path /workspace/source"}

Showing logs for build [32mgitops-unbxd-environment-flashe-fzmbq-1[0m stage [32mfrom-build-pack[0m and container [32mstep-git-merge[0m
Using SHAs from PULL_REFS=master:80ff331cd46a132df53362087b41ce64a0aaf2a4,5:297a28ea76a2bb4623bba4c6f941f091f918a6f6
DEBUG: ran git fetch --unshallow origin 297a28ea76a2bb4623bba4c6f941f091f918a6f6: 80ff331cd46a132df53362087b41ce64a0aaf2a4: in 
DEBUG: ran git checkout master in 
DEBUG: ran git reset --hard 80ff331cd46a132df53362087b41ce64a0aaf2a4 in 
DEBUG: ran clean --force -d . in 
DEBUG: ran git merge 297a28ea76a2bb4623bba4c6f941f091f918a6f6 in 
Merged SHA 297a28ea76a2bb4623bba4c6f941f091f918a6f6 with commit message 'chore: Promote pim-dam to version 1.0.20' into base branch master

Showing logs for build [32mgitops-unbxd-environment-flashe-fzmbq-1[0m stage [32mfrom-build-pack[0m and container [32mstep-build-helm-build[0m
WARNING: No $CHART_REPOSITORY defined so using the default value of: http://jenkins-x-chartmuseum:8080
Adding missing Helm repo: storage.googleapis.com https://storage.googleapis.com/chartmuseum.jenkins-x.io
Successfully added Helm repository storage.googleapis.com.
Adding missing Helm repo: jenkins-x-chartmuseum http://jenkins-x-chartmuseum:8080
Successfully added Helm repository jenkins-x-chartmuseum.
WARNING: No $CHART_REPOSITORY defined so using the default value of: http://jenkins-x-chartmuseum:8080
Adding missing Helm repo: chartmuseum.jenkins-x.io http://chartmuseum.jenkins-x.io
Successfully added Helm repository chartmuseum.jenkins-x.io.
