
Showing logs for build [32mgitops-unbxd-environment-flashe-xtn2l-1[0m stage [32mmeta-pipeline[0m and container [32mstep-credential-initializer-4dfgp[0m
{"level":"warn","ts":1569830340.2932022,"logger":"fallback-logger","caller":"logging/config.go:69","msg":"Fetch GitHub commit ID from kodata failed: \"ref: refs/heads/master\" is not a valid GitHub commit ID"}
{"level":"info","ts":1569830340.2935688,"logger":"fallback-logger","caller":"creds-init/main.go:40","msg":"Credentials initialized."}

Showing logs for build [32mgitops-unbxd-environment-flashe-xtn2l-1[0m stage [32mmeta-pipeline[0m and container [32mstep-working-dir-initializer-zkv9g[0m
{"level":"warn","ts":1569830341.220918,"logger":"fallback-logger","caller":"logging/config.go:69","msg":"Fetch GitHub commit ID from kodata failed: open /var/run/ko/HEAD: no such file or directory"}
{"level":"info","ts":1569830341.2220373,"logger":"fallback-logger","caller":"bash/main.go:65","msg":"Successfully executed command \"mkdir -p /workspace/source\""}

Showing logs for build [32mgitops-unbxd-environment-flashe-xtn2l-1[0m stage [32mmeta-pipeline[0m and container [32mstep-place-tools[0m

Showing logs for build [32mgitops-unbxd-environment-flashe-xtn2l-1[0m stage [32mmeta-pipeline[0m and container [32mstep-git-source-meta-gitops-unbxd-environment-f-6h9nt[0m
{"level":"warn","ts":1569830345.2887232,"logger":"fallback-logger","caller":"logging/config.go:69","msg":"Fetch GitHub commit ID from kodata failed: \"ref: refs/heads/master\" is not a valid GitHub commit ID"}
{"level":"info","ts":1569830345.5168717,"logger":"fallback-logger","caller":"git/git.go:102","msg":"Successfully cloned https://github.com/************/environment-flasherweak-staging.git @ 66926b7355d9b9c33a051212bbd8b34cd6dbe315 in path /workspace/source"}

Showing logs for build [32mgitops-unbxd-environment-flashe-xtn2l-1[0m stage [32mmeta-pipeline[0m and container [32mstep-git-merge[0m
Using SHAs from PULL_REFS=master:66926b7355d9b9c33a051212bbd8b34cd6dbe315,2:bfd71d5f0e4751008e52a8236da11d518e85d361
DEBUG: ran git fetch --unshallow origin bfd71d5f0e4751008e52a8236da11d518e85d361: 66926b7355d9b9c33a051212bbd8b34cd6dbe315: in 
DEBUG: ran git checkout master in 
DEBUG: ran git reset --hard 66926b7355d9b9c33a051212bbd8b34cd6dbe315 in 
DEBUG: ran clean --force -d . in 
DEBUG: ran git merge bfd71d5f0e4751008e52a8236da11d518e85d361 in 
Merged SHA bfd71d5f0e4751008e52a8236da11d518e85d361 with commit message 'chore: Promote prowstart to version 0.0.3' into base branch master

Showing logs for build [32mgitops-unbxd-environment-flashe-xtn2l-1[0m stage [32mmeta-pipeline[0m and container [32mstep-merge-pull-refs[0m
DEBUG: ran git fetch origin bfd71d5f0e4751008e52a8236da11d518e85d361: 66926b7355d9b9c33a051212bbd8b34cd6dbe315: in 
DEBUG: Unshallowed git repo in 
DEBUG: ran git checkout master in 
DEBUG: ran git reset --hard 66926b7355d9b9c33a051212bbd8b34cd6dbe315 in 
DEBUG: ran clean --force -d . in 
DEBUG: ran git merge bfd71d5f0e4751008e52a8236da11d518e85d361 in 
Merged SHA bfd71d5f0e4751008e52a8236da11d518e85d361 with commit message 'chore: Promote prowstart to version 0.0.3' into base branch master

Showing logs for build [32mgitops-unbxd-environment-flashe-xtn2l-1[0m stage [32mmeta-pipeline[0m and container [32mstep-create-effective-pipeline[0m
Deleting and cloning the Jenkins X versions repo
Cloning the Jenkins X versions repo https://github.com/jenkins-x/jenkins-x-versions.git with ref refs/heads/master to /builder/home/.**/jenkins-x-versions
selected pack: /builder/home/.**/draft/packs/github.com/jenkins-x-buildpacks/jenkins-x-kubernetes/packs/environment
Effective pipeline written to jenkins-x-promotion-build-effective.yml

Showing logs for build [32mgitops-unbxd-environment-flashe-xtn2l-1[0m stage [32mmeta-pipeline[0m and container [32mstep-create-tekton-crds[0m
PipelineActivity for ************-environment-flasherweak-staging-PR-2-1
Applying changes 
upserted PipelineResource ************-environment-flashe for the git repository https://github.com/************/environment-flasherweak-staging.git
upserted Task ************-environment-flashe-xtn2l-from-build-pack-1
upserted Pipeline ************-environment-flashe-xtn2l-1
created PipelineRun ************-environment-flashe-xtn2l-1
created PipelineStructure ************-environment-flashe-xtn2l-1

Showing logs for build [32mgitops-unbxd-environment-flashe-xtn2l-1[0m stage [32mfrom-build-pack[0m and container [32mstep-credential-initializer-dtglx[0m
{"level":"warn","ts":1569830355.8957055,"logger":"fallback-logger","caller":"logging/config.go:69","msg":"Fetch GitHub commit ID from kodata failed: \"ref: refs/heads/master\" is not a valid GitHub commit ID"}
{"level":"info","ts":1569830355.8960633,"logger":"fallback-logger","caller":"creds-init/main.go:40","msg":"Credentials initialized."}

Showing logs for build [32mgitops-unbxd-environment-flashe-xtn2l-1[0m stage [32mfrom-build-pack[0m and container [32mstep-working-dir-initializer-76zjk[0m
{"level":"warn","ts":1569830356.8583689,"logger":"fallback-logger","caller":"logging/config.go:69","msg":"Fetch GitHub commit ID from kodata failed: open /var/run/ko/HEAD: no such file or directory"}
{"level":"info","ts":1569830356.8595307,"logger":"fallback-logger","caller":"bash/main.go:65","msg":"Successfully executed command \"mkdir -p /workspace/source /workspace/source/env\""}

Showing logs for build [32mgitops-unbxd-environment-flashe-xtn2l-1[0m stage [32mfrom-build-pack[0m and container [32mstep-place-tools[0m

Showing logs for build [32mgitops-unbxd-environment-flashe-xtn2l-1[0m stage [32mfrom-build-pack[0m and container [32mstep-git-source-gitops-unbxd-environment-flashe-qc5tz[0m
{"level":"warn","ts":1569830378.9016132,"logger":"fallback-logger","caller":"logging/config.go:69","msg":"Fetch GitHub commit ID from kodata failed: \"ref: refs/heads/master\" is not a valid GitHub commit ID"}
{"level":"info","ts":1569830379.1314394,"logger":"fallback-logger","caller":"git/git.go:102","msg":"Successfully cloned https://github.com/************/environment-flasherweak-staging.git @ master in path /workspace/source"}

Showing logs for build [32mgitops-unbxd-environment-flashe-xtn2l-1[0m stage [32mfrom-build-pack[0m and container [32mstep-git-merge[0m
Using SHAs from PULL_REFS=master:66926b7355d9b9c33a051212bbd8b34cd6dbe315,2:bfd71d5f0e4751008e52a8236da11d518e85d361
DEBUG: ran git fetch origin bfd71d5f0e4751008e52a8236da11d518e85d361: 66926b7355d9b9c33a051212bbd8b34cd6dbe315: in 
DEBUG: Unshallowed git repo in 
DEBUG: ran git checkout master in 
DEBUG: ran git reset --hard 66926b7355d9b9c33a051212bbd8b34cd6dbe315 in 
DEBUG: ran clean --force -d . in 
DEBUG: ran git merge bfd71d5f0e4751008e52a8236da11d518e85d361 in 
Merged SHA bfd71d5f0e4751008e52a8236da11d518e85d361 with commit message 'chore: Promote prowstart to version 0.0.3' into base branch master

Showing logs for build [32mgitops-unbxd-environment-flashe-xtn2l-1[0m stage [32mfrom-build-pack[0m and container [32mstep-build-helm-build[0m
WARNING: No $CHART_REPOSITORY defined so using the default value of: http://jenkins-x-chartmuseum:8080
Adding missing Helm repo: storage.googleapis.com https://storage.googleapis.com/chartmuseum.jenkins-x.io
Successfully added Helm repository storage.googleapis.com.
Adding missing Helm repo: jenkins-x-chartmuseum http://jenkins-x-chartmuseum:8080
Successfully added Helm repository jenkins-x-chartmuseum.
WARNING: No $CHART_REPOSITORY defined so using the default value of: http://jenkins-x-chartmuseum:8080
Adding missing Helm repo: chartmuseum.jenkins-x.io http://chartmuseum.jenkins-x.io
Successfully added Helm repository chartmuseum.jenkins-x.io.
