
Showing logs for build [32mgitops-unbxd-environment-flashe-vrzd7-4[0m stage [32mfrom-build-pack[0m and container [32mstep-credential-initializer-8vbc6[0m
{"level":"warn","ts":1569839929.0244567,"logger":"fallback-logger","caller":"logging/config.go:69","msg":"Fetch GitHub commit ID from kodata failed: \"ref: refs/heads/master\" is not a valid GitHub commit ID"}
{"level":"info","ts":1569839929.0247862,"logger":"fallback-logger","caller":"creds-init/main.go:40","msg":"Credentials initialized."}

Showing logs for build [32mgitops-unbxd-environment-flashe-vrzd7-4[0m stage [32mfrom-build-pack[0m and container [32mstep-working-dir-initializer-krjgh[0m
{"level":"warn","ts":1569839929.3549309,"logger":"fallback-logger","caller":"logging/config.go:69","msg":"Fetch GitHub commit ID from kodata failed: open /var/run/ko/HEAD: no such file or directory"}
{"level":"info","ts":1569839929.356175,"logger":"fallback-logger","caller":"bash/main.go:65","msg":"Successfully executed command \"mkdir -p /workspace/source /workspace/source/env\""}

Showing logs for build [32mgitops-unbxd-environment-flashe-vrzd7-4[0m stage [32mfrom-build-pack[0m and container [32mstep-place-tools[0m

Showing logs for build [32mgitops-unbxd-environment-flashe-vrzd7-4[0m stage [32mfrom-build-pack[0m and container [32mstep-git-source-gitops-unbxd-environment-flashe-jkp6x[0m
{"level":"warn","ts":1569839935.366405,"logger":"fallback-logger","caller":"logging/config.go:69","msg":"Fetch GitHub commit ID from kodata failed: \"ref: refs/heads/master\" is not a valid GitHub commit ID"}
{"level":"info","ts":1569839935.6202672,"logger":"fallback-logger","caller":"git/git.go:102","msg":"Successfully cloned https://github.com/************/environment-flasherweak-staging.git @ v0.0.4 in path /workspace/source"}

Showing logs for build [32mgitops-unbxd-environment-flashe-vrzd7-4[0m stage [32mfrom-build-pack[0m and container [32mstep-git-merge[0m
Using SHAs from PULL_REFS=master:80ff331cd46a132df53362087b41ce64a0aaf2a4
WARNING: no SHAs to merge, falling back to initial cloned commit

Showing logs for build [32mgitops-unbxd-environment-flashe-vrzd7-4[0m stage [32mfrom-build-pack[0m and container [32mstep-setup-jx-git-credentials[0m
Generated Git credentials file /builder/home/git/credentials

Showing logs for build [32mgitops-unbxd-environment-flashe-vrzd7-4[0m stage [32mfrom-build-pack[0m and container [32mstep-build-helm-apply[0m
Modified file /workspace/source/env/Chart.yaml to set the chart to version 4
Copying the helm source directory /workspace/source/env to a temporary location for building and applying /tmp/**-helm-apply-092346787/env
Applying helm chart at /tmp/**-helm-apply-092346787/env as release name ** to namespace **-staging
verifying the helm requirements versions in dir: . using version stream URL:  and git ref: 
Deleting and cloning the Jenkins X versions repo
Cloning the Jenkins X versions repo https://github.com/jenkins-x/jenkins-x-versions.git with ref refs/heads/master to /builder/home/.**/jenkins-x-versions
Ignoring templates/.gitignore
Wrote chart values.yaml /tmp/**-helm-apply-092346787/env/values.yaml generated from directory tree
generated helm /tmp/**-helm-apply-092346787/env/values.yaml

PipelineSecrets: {}
cleanup:
  Annotations:
    helm.sh/hook: pre-delete
    helm.sh/hook-delete-policy: hook-succeeded
  Args:
  - --cleanup
controllerbuild:
  enabled: true
controllerworkflow:
  enabled: false
dockerRegistry: 012629307706.dkr.ecr.us-west-2.amazonaws.com
expose:
  Annotations:
    helm.sh/hook: post-install,post-upgrade
    helm.sh/hook-delete-policy: hook-succeeded
  Args:
  - --v
  - 4
  config:
    domain: jenkinsx-qa.unbxd.com
    exposer: Ingress
    http: "true"
jenkins:
  Servers:
    Global:
      EnvVars:
        TILLER_NAMESPACE: kube-system
  enabled: false
prow: {}

Using values files: /tmp/**-helm-apply-092346787/env/values.yaml
WARNING: No $CHART_REPOSITORY defined so using the default value of: http://jenkins-x-chartmuseum:8080
Adding missing Helm repo: storage.googleapis.com https://storage.googleapis.com/chartmuseum.jenkins-x.io
Successfully added Helm repository storage.googleapis.com.
Adding missing Helm repo: jenkins-x-chartmuseum http://jenkins-x-chartmuseum:8080
Successfully added Helm repository jenkins-x-chartmuseum.
WARNING: No $CHART_REPOSITORY defined so using the default value of: http://jenkins-x-chartmuseum:8080
Adding missing Helm repo: chartmuseum.jenkins-x.io http://chartmuseum.jenkins-x.io
Successfully added Helm repository chartmuseum.jenkins-x.io.
Applying Apps chart overrides
Applying chart overrides


